<?xml version="1.0" encoding="UTF-8"?>
<testng-results skipped="0" failed="0" ignored="0" total="2" passed="2">
  <reporter-output>
  </reporter-output>
  <suite name="Default suite" duration-ms="5843" started-at="2021-02-28T03:46:47Z" finished-at="2021-02-28T03:46:53Z">
    <groups>
    </groups>
    <test name="Default test" duration-ms="5843" started-at="2021-02-28T03:46:47Z" finished-at="2021-02-28T03:46:53Z">
      <class name="com.saucedemo.test.ProductTesting">
        <test-method status="PASS" signature="openBrs()[pri:0, instance:com.saucedemo.test.ProductTesting@7d9d1a19]" name="openBrs" is-config="true" duration-ms="4278" started-at="2021-02-27T22:46:47Z" finished-at="2021-02-27T22:46:52Z">
          <reporter-output>
          </reporter-output>
        </test-method> <!-- openBrs -->
        <test-method status="PASS" signature="login()[pri:1, instance:com.saucedemo.test.ProductTesting@7d9d1a19]" name="login" duration-ms="618" started-at="2021-02-27T22:46:52Z" finished-at="2021-02-27T22:46:52Z">
          <reporter-output>
          </reporter-output>
        </test-method> <!-- login -->
        <test-method status="PASS" signature="buyProduct()[pri:2, instance:com.saucedemo.test.ProductTesting@7d9d1a19]" name="buyProduct" duration-ms="743" started-at="2021-02-27T22:46:52Z" finished-at="2021-02-27T22:46:53Z">
          <reporter-output>
          </reporter-output>
        </test-method> <!-- buyProduct -->
        <test-method status="PASS" signature="closBrs()[pri:0, instance:com.saucedemo.test.ProductTesting@7d9d1a19]" name="closBrs" is-config="true" duration-ms="132" started-at="2021-02-27T22:46:53Z" finished-at="2021-02-27T22:46:53Z">
          <reporter-output>
          </reporter-output>
        </test-method> <!-- closBrs -->
      </class> <!-- com.saucedemo.test.ProductTesting -->
    </test> <!-- Default test -->
  </suite> <!-- Default suite -->
</testng-results>
