<?xml version="1.0" encoding="UTF-8"?>
<!-- Generated by org.testng.reporters.JUnitXMLReporter -->
<testsuite hostname="Abdullahs-MBP.fios-router.home" ignored="0" tests="1" failures="0" timestamp="22 Feb 2021 04:00:31 GMT" time="13.027" errors="0">
  <testcase name="@BeforeClass beforeTest" time="0.0" classname="MultiBrowser">
    <failure type="java.lang.NullPointerException">
      <![CDATA[java.lang.NullPointerException
	at MultiBrowser.beforeTest(MultiBrowser.java:40)
... Removed 25 stack frames]]>
    </failure>
  </testcase> <!-- @BeforeClass beforeTest -->
  <testcase name="@AfterClass afterTest" time="0.0" classname="MultiBrowser">
    <skipped/>
  </testcase> <!-- @AfterClass afterTest -->
  <testcase name="login" time="0.002" classname="MultiBrowser">
    <skipped/>
  </testcase> <!-- login -->
</testsuite>
