<?xml version="1.0" encoding="UTF-8"?>
<!-- Generated by org.testng.reporters.JUnitXMLReporter -->
<testsuite hostname="Abdullahs-MBP.fios-router.home" name="Basic Test 3" tests="3" failures="1" timestamp="13 Feb 2021 03:44:54 GMT" time="0.039" errors="0">
  <testcase name="c_test" time="0.003" classname="TestNG.FirstTestNGClass">
    <failure type="java.lang.AssertionError" message="null">
      <![CDATA[java.lang.AssertionError: null
	at TestNG.FirstTestNGClass.c_test(FirstTestNGClass.java:12)
... Removed 27 stack frames]]>
    </failure>
  </testcase> <!-- c_test -->
  <testcase name="a_test" time="0.006" classname="TestNG.FirstTestNGClass"/>
  <testcase name="b_test" time="0.005" classname="TestNG.FirstTestNGClass">
    <skipped/>
  </testcase> <!-- b_test -->
</testsuite> <!-- Basic Test 3 -->
