<?xml version="1.0" encoding="UTF-8"?>
<testng-results skipped="0" failed="0" ignored="0" total="1" passed="1">
  <reporter-output>
  </reporter-output>
  <suite name="Default suite" duration-ms="5556" started-at="2021-02-22T02:07:23Z" finished-at="2021-02-22T02:07:29Z">
    <groups>
    </groups>
    <test name="Default test" duration-ms="5556" started-at="2021-02-22T02:07:23Z" finished-at="2021-02-22T02:07:29Z">
      <class name="com.Allergan.nj.NewTest">
        <test-method status="PASS" signature="f()[pri:0, instance:com.Allergan.nj.NewTest@91161c7]" name="f" duration-ms="5524" started-at="2021-02-21T21:07:23Z" finished-at="2021-02-21T21:07:29Z">
          <reporter-output>
          </reporter-output>
        </test-method> <!-- f -->
      </class> <!-- com.Allergan.nj.NewTest -->
    </test> <!-- Default test -->
  </suite> <!-- Default suite -->
</testng-results>
