<?xml version="1.0" encoding="UTF-8"?>
<testng-results skipped="0" failed="0" ignored="0" total="1" passed="1">
  <reporter-output>
  </reporter-output>
  <suite name="Default suite" duration-ms="16215" started-at="2021-02-22T03:04:46Z" finished-at="2021-02-22T03:05:02Z">
    <groups>
    </groups>
    <test name="Default test" duration-ms="16215" started-at="2021-02-22T03:04:46Z" finished-at="2021-02-22T03:05:02Z">
      <class name="com.Allergan.FirstMavenProject.MyChromeProject">
        <test-method status="PASS" signature="OpenChromeBrowser()[pri:0, instance:com.Allergan.FirstMavenProject.MyChromeProject@91161c7]" name="OpenChromeBrowser" duration-ms="16071" started-at="2021-02-21T22:04:46Z" finished-at="2021-02-21T22:05:02Z">
          <reporter-output>
          </reporter-output>
        </test-method> <!-- OpenChromeBrowser -->
      </class> <!-- com.Allergan.FirstMavenProject.MyChromeProject -->
    </test> <!-- Default test -->
  </suite> <!-- Default suite -->
</testng-results>
